<?xml version="1.0" encoding="UTF-8"?>
<!-- Generated by org.testng.reporters.JUnitXMLReporter -->
<testsuite hostname="Aidan-Laptop" failures="0" tests="14" name="Default test" time="98.445" errors="0" timestamp="2 May 2021 06:31:53 GMT">
  <testcase classname="UITest.CustomerPageTests" name="VerifyAddTest" time="11.743"/>
  <testcase classname="UITest.CustomerPageTests" name="VerifySingelEditFormTest" time="3.154"/>
  <testcase classname="UITest.CustomerPageTests" name="VerifySingelEditTest" time="9.238"/>
  <testcase classname="UITest.CustomerPageTests" name="VerifySingelDeleteTest" time="6.117"/>
  <testcase classname="UITest.CustomerPageTests" name="VerifyMultiEditTest" time="31.258"/>
  <testcase classname="UITest.CustomerPageTests" name="VerifyMultiDeleteTest" time="6.133"/>
  <testcase classname="UITest.CustomerPageTests" name="VerifySortAscendTest" time="2.383"/>
  <testcase classname="UITest.CustomerPageTests" name="VerifySortDescendTest" time="2.363"/>
  <testcase classname="UITest.CustomerPageTests" name="ViewTest" time="2.023"/>
  <testcase classname="UITest.CustomerPageTests" name="PaginationNextPageTest" time="2.09"/>
  <testcase classname="UITest.CustomerPageTests" name="PaginationPreviousPageTest" time="2.088"/>
  <testcase classname="UITest.CustomerPageTests" name="PaginationLastPageTest" time="2.074"/>
  <testcase classname="UITest.CustomerPageTests" name="PaginationFirstPageTest" time="2.078"/>
  <testcase classname="UITest.CustomerPageTests" name="SearchTest" time="6.31"/>
</testsuite> <!-- Default test -->
