<?xml version="1.0" encoding="UTF-8"?>
<testng-results total="6" passed="6" failed="0" skipped="0">
  <reporter-output>
  </reporter-output>
  <suite started-at="2021-05-09T04:28:04Z" name="Default suite" finished-at="2021-05-09T04:29:33Z" duration-ms="88816">
    <groups>
    </groups>
    <test started-at="2021-05-09T04:28:04Z" name="Default test" finished-at="2021-05-09T04:29:33Z" duration-ms="88816">
      <class name="UITest.CustomerCRUDTests">
        <test-method is-config="true" signature="setup()[pri:0, instance:UITest.CustomerCRUDTests@5677323c]" started-at="2021-05-08T21:28:04Z" name="setup" finished-at="2021-05-08T21:28:14Z" duration-ms="9556" status="PASS">
          <reporter-output>
          </reporter-output>
        </test-method> <!-- setup -->
        <test-method signature="CustomerAddNewCustomer()[pri:0, instance:UITest.CustomerCRUDTests@5677323c]" started-at="2021-05-08T21:28:14Z" name="CustomerAddNewCustomer" finished-at="2021-05-08T21:28:28Z" duration-ms="13839" status="PASS">
          <reporter-output>
          </reporter-output>
        </test-method> <!-- CustomerAddNewCustomer -->
        <test-method signature="CustomerSingelEditFormView()[pri:0, instance:UITest.CustomerCRUDTests@5677323c]" started-at="2021-05-08T21:28:28Z" name="CustomerSingelEditFormView" finished-at="2021-05-08T21:28:31Z" duration-ms="3200" status="PASS">
          <reporter-output>
          </reporter-output>
        </test-method> <!-- CustomerSingelEditFormView -->
        <test-method signature="CustomerSingleEdit()[pri:0, instance:UITest.CustomerCRUDTests@5677323c]" started-at="2021-05-08T21:28:31Z" name="CustomerSingleEdit" finished-at="2021-05-08T21:28:40Z" duration-ms="9241" status="PASS">
          <reporter-output>
          </reporter-output>
        </test-method> <!-- CustomerSingleEdit -->
        <test-method signature="CustomerSingleDelete()[pri:0, instance:UITest.CustomerCRUDTests@5677323c]" started-at="2021-05-08T21:28:40Z" name="CustomerSingleDelete" finished-at="2021-05-08T21:28:48Z" duration-ms="8249" status="PASS">
          <reporter-output>
          </reporter-output>
        </test-method> <!-- CustomerSingleDelete -->
        <test-method signature="CustomerMultiEdit()[pri:0, instance:UITest.CustomerCRUDTests@5677323c]" started-at="2021-05-08T21:28:48Z" name="CustomerMultiEdit" finished-at="2021-05-08T21:29:24Z" duration-ms="35425" status="PASS">
          <reporter-output>
          </reporter-output>
        </test-method> <!-- CustomerMultiEdit -->
        <test-method signature="CustomerMultiDelete()[pri:0, instance:UITest.CustomerCRUDTests@5677323c]" started-at="2021-05-08T21:29:24Z" name="CustomerMultiDelete" finished-at="2021-05-08T21:29:33Z" duration-ms="9296" status="PASS">
          <reporter-output>
          </reporter-output>
        </test-method> <!-- CustomerMultiDelete -->
        <test-method is-config="true" signature="end()[pri:0, instance:UITest.CustomerCRUDTests@5677323c]" started-at="2021-05-08T21:29:33Z" name="end" finished-at="2021-05-08T21:29:33Z" duration-ms="0" status="PASS">
          <reporter-output>
          </reporter-output>
        </test-method> <!-- end -->
      </class> <!-- UITest.CustomerCRUDTests -->
    </test> <!-- Default test -->
  </suite> <!-- Default suite -->
</testng-results>
